2025-04-25 13:03:04 [restartedMain] INFO  com.example.twst.TwstApplication - Starting TwstApplication using Java 21.0.6 with PID 14276 (C:\workspase\twst\target\classes started by JavaQuest in C:\workspase\twst)
2025-04-25 13:03:04 [restartedMain] INFO  com.example.twst.TwstApplication - No active profile set, falling back to 1 default profile: "default"
2025-04-25 13:03:06 [restartedMain] INFO  o.s.b.d.e.DevToolsPropertyDefaultsPostProcessor - Devtools property defaults active! Set 'spring.devtools.add-properties' to 'false' to disable
2025-04-25 13:03:06 [restartedMain] INFO  o.s.b.d.e.DevToolsPropertyDefaultsPostProcessor - For additional web related logging consider setting the 'logging.level.web' property to 'DEBUG'
2025-04-25 13:03:18 [restartedMain] INFO  o.s.d.r.c.RepositoryConfigurationDelegate - Bootstrapping Spring Data JDBC repositories in DEFAULT mode.
2025-04-25 13:03:18 [restartedMain] INFO  o.s.d.r.c.RepositoryConfigurationDelegate - Finished Spring Data repository scanning in 295 ms. Found 0 JDBC repository interfaces.
2025-04-25 13:03:31 [restartedMain] INFO  o.s.b.w.e.tomcat.TomcatWebServer - Tomcat initialized with port 8080 (http)
2025-04-25 13:03:31 [restartedMain] INFO  o.a.catalina.core.StandardService - Starting service [Tomcat]
2025-04-25 13:03:31 [restartedMain] INFO  o.a.catalina.core.StandardEngine - Starting Servlet engine: [Apache Tomcat/10.1.40]
2025-04-25 13:03:32 [restartedMain] INFO  o.a.c.c.C.[Tomcat].[localhost].[/] - Initializing Spring embedded WebApplicationContext
2025-04-25 13:03:32 [restartedMain] INFO  o.s.b.w.s.c.ServletWebServerApplicationContext - Root WebApplicationContext: initialization completed in 25543 ms
2025-04-25 13:03:59 [restartedMain] INFO  com.zaxxer.hikari.HikariDataSource - HikariPool-1 - Starting...
2025-04-25 13:04:04 [restartedMain] INFO  com.zaxxer.hikari.pool.HikariPool - HikariPool-1 - Added connection org.postgresql.jdbc.PgConnection@e42843a
2025-04-25 13:04:04 [restartedMain] INFO  com.zaxxer.hikari.HikariDataSource - HikariPool-1 - Start completed.
2025-04-25 13:04:10 [restartedMain] INFO  o.s.b.d.a.OptionalLiveReloadServer - LiveReload server is running on port 35729
2025-04-25 13:04:11 [restartedMain] INFO  o.s.b.w.e.tomcat.TomcatWebServer - Tomcat started on port 8080 (http) with context path '/'
2025-04-25 13:04:11 [restartedMain] INFO  com.example.twst.TwstApplication - Started TwstApplication in 77.506 seconds (process running for 88.003)
2025-04-27 16:27:18 [main] INFO  c.example.twst.TwstApplicationTests - Starting TwstApplicationTests using Java 21.0.6 with PID 11896 (started by JavaQuest in c:\workspase\twst)
2025-04-27 16:27:18 [main] INFO  c.example.twst.TwstApplicationTests - No active profile set, falling back to 1 default profile: "default"
2025-04-27 16:27:27 [main] INFO  o.s.d.r.c.RepositoryConfigurationDelegate - Bootstrapping Spring Data JDBC repositories in DEFAULT mode.
2025-04-27 16:27:27 [main] INFO  o.s.d.r.c.RepositoryConfigurationDelegate - Finished Spring Data repository scanning in 178 ms. Found 0 JDBC repository interfaces.
2025-04-27 16:27:44 [main] INFO  com.zaxxer.hikari.HikariDataSource - HikariPool-1 - Starting...
2025-04-27 16:27:48 [main] INFO  com.zaxxer.hikari.pool.HikariPool - HikariPool-1 - Added connection org.postgresql.jdbc.PgConnection@6caeba36
2025-04-27 16:27:48 [main] INFO  com.zaxxer.hikari.HikariDataSource - HikariPool-1 - Start completed.
2025-04-27 16:27:52 [main] INFO  c.example.twst.TwstApplicationTests - Started TwstApplicationTests in 38.797 seconds (process running for 47.422)
2025-04-27 16:28:02 [SpringApplicationShutdownHook] INFO  com.zaxxer.hikari.HikariDataSource - HikariPool-1 - Shutdown initiated...
2025-04-27 16:28:02 [SpringApplicationShutdownHook] INFO  com.zaxxer.hikari.HikariDataSource - HikariPool-1 - Shutdown completed.
2025-04-27 16:29:58 [main] INFO  c.example.twst.TwstApplicationTests - Starting TwstApplicationTests using Java 21.0.6 with PID 8596 (started by JavaQuest in c:\workspase\twst)
2025-04-27 16:29:58 [main] INFO  c.example.twst.TwstApplicationTests - No active profile set, falling back to 1 default profile: "default"
2025-04-27 16:30:04 [main] INFO  o.s.d.r.c.RepositoryConfigurationDelegate - Bootstrapping Spring Data JDBC repositories in DEFAULT mode.
2025-04-27 16:30:05 [main] INFO  o.s.d.r.c.RepositoryConfigurationDelegate - Finished Spring Data repository scanning in 122 ms. Found 0 JDBC repository interfaces.
2025-04-27 16:30:20 [main] INFO  com.zaxxer.hikari.HikariDataSource - HikariPool-1 - Starting...
2025-04-27 16:30:22 [main] INFO  com.zaxxer.hikari.pool.HikariPool - HikariPool-1 - Added connection org.postgresql.jdbc.PgConnection@44aed6a4
2025-04-27 16:30:22 [main] INFO  com.zaxxer.hikari.HikariDataSource - HikariPool-1 - Start completed.
2025-04-27 16:30:25 [main] INFO  c.example.twst.TwstApplicationTests - Started TwstApplicationTests in 30.209 seconds (process running for 36.263)
2025-04-27 16:30:32 [SpringApplicationShutdownHook] INFO  com.zaxxer.hikari.HikariDataSource - HikariPool-1 - Shutdown initiated...
2025-04-27 16:30:33 [SpringApplicationShutdownHook] INFO  com.zaxxer.hikari.HikariDataSource - HikariPool-1 - Shutdown completed.
2025-04-27 17:06:33 [main] INFO  c.example.twst.TwstApplicationTests - Starting TwstApplicationTests using Java 21.0.6 with PID 12116 (started by JavaQuest in c:\workspase\twst)
2025-04-27 17:06:33 [main] INFO  c.example.twst.TwstApplicationTests - No active profile set, falling back to 1 default profile: "default"
2025-04-27 17:06:40 [main] INFO  o.s.d.r.c.RepositoryConfigurationDelegate - Bootstrapping Spring Data JDBC repositories in DEFAULT mode.
2025-04-27 17:06:40 [main] INFO  o.s.d.r.c.RepositoryConfigurationDelegate - Finished Spring Data repository scanning in 79 ms. Found 0 JDBC repository interfaces.
2025-04-27 17:06:59 [main] INFO  com.zaxxer.hikari.HikariDataSource - HikariPool-1 - Starting...
2025-04-27 17:07:02 [main] INFO  com.zaxxer.hikari.pool.HikariPool - HikariPool-1 - Added connection org.postgresql.jdbc.PgConnection@4bbc21bd
2025-04-27 17:07:02 [main] INFO  com.zaxxer.hikari.HikariDataSource - HikariPool-1 - Start completed.
2025-04-27 17:07:05 [main] INFO  c.example.twst.TwstApplicationTests - Started TwstApplicationTests in 35.869 seconds (process running for 44.139)
2025-04-27 17:07:19 [SpringApplicationShutdownHook] INFO  com.zaxxer.hikari.HikariDataSource - HikariPool-1 - Shutdown initiated...
2025-04-27 17:07:20 [SpringApplicationShutdownHook] INFO  com.zaxxer.hikari.HikariDataSource - HikariPool-1 - Shutdown completed.
2025-04-27 17:08:30 [main] INFO  c.example.twst.TwstApplicationTests - Starting TwstApplicationTests using Java 21.0.6 with PID 7488 (started by JavaQuest in c:\workspase\twst)
2025-04-27 17:08:30 [main] INFO  c.example.twst.TwstApplicationTests - No active profile set, falling back to 1 default profile: "default"
2025-04-27 17:08:42 [main] INFO  o.s.d.r.c.RepositoryConfigurationDelegate - Bootstrapping Spring Data JDBC repositories in DEFAULT mode.
2025-04-27 17:08:43 [main] INFO  o.s.d.r.c.RepositoryConfigurationDelegate - Finished Spring Data repository scanning in 253 ms. Found 0 JDBC repository interfaces.
2025-04-27 17:09:07 [main] INFO  com.zaxxer.hikari.HikariDataSource - HikariPool-1 - Starting...
2025-04-27 17:09:11 [main] INFO  com.zaxxer.hikari.pool.HikariPool - HikariPool-1 - Added connection org.postgresql.jdbc.PgConnection@71039ce1
2025-04-27 17:09:11 [main] INFO  com.zaxxer.hikari.HikariDataSource - HikariPool-1 - Start completed.
2025-04-27 17:09:13 [main] INFO  c.example.twst.TwstApplicationTests - Started TwstApplicationTests in 50.668 seconds (process running for 60.403)
2025-04-27 17:09:26 [SpringApplicationShutdownHook] INFO  com.zaxxer.hikari.HikariDataSource - HikariPool-1 - Shutdown initiated...
2025-04-27 17:09:26 [SpringApplicationShutdownHook] INFO  com.zaxxer.hikari.HikariDataSource - HikariPool-1 - Shutdown completed.
2025-04-27 17:35:53 [main] INFO  c.example.twst.TwstApplicationTests - Starting TwstApplicationTests using Java 21.0.6 with PID 15768 (started by JavaQuest in c:\workspase\twst)
2025-04-27 17:35:53 [main] INFO  c.example.twst.TwstApplicationTests - No active profile set, falling back to 1 default profile: "default"
2025-04-27 17:36:09 [main] INFO  o.s.d.r.c.RepositoryConfigurationDelegate - Bootstrapping Spring Data JDBC repositories in DEFAULT mode.
2025-04-27 17:36:09 [main] INFO  o.s.d.r.c.RepositoryConfigurationDelegate - Finished Spring Data repository scanning in 306 ms. Found 0 JDBC repository interfaces.
2025-04-27 17:36:30 [main] INFO  com.zaxxer.hikari.HikariDataSource - HikariPool-1 - Starting...
2025-04-27 17:36:33 [main] INFO  com.zaxxer.hikari.pool.HikariPool - HikariPool-1 - Added connection org.postgresql.jdbc.PgConnection@6caeba36
2025-04-27 17:36:33 [main] INFO  com.zaxxer.hikari.HikariDataSource - HikariPool-1 - Start completed.
2025-04-27 17:36:36 [main] INFO  c.example.twst.TwstApplicationTests - Started TwstApplicationTests in 51.554 seconds (process running for 70.28)
2025-04-27 17:36:45 [SpringApplicationShutdownHook] INFO  com.zaxxer.hikari.HikariDataSource - HikariPool-1 - Shutdown initiated...
2025-04-27 17:36:46 [SpringApplicationShutdownHook] INFO  com.zaxxer.hikari.HikariDataSource - HikariPool-1 - Shutdown completed.
2025-04-27 19:59:27 [restartedMain] INFO  com.example.twst.TwstApplication - Starting TwstApplication using Java 21.0.6 with PID 8504 (C:\workspase\twst\target\classes started by JavaQuest in C:\workspase\twst)
2025-04-27 19:59:28 [restartedMain] INFO  com.example.twst.TwstApplication - No active profile set, falling back to 1 default profile: "default"
2025-04-27 19:59:28 [restartedMain] INFO  o.s.b.d.e.DevToolsPropertyDefaultsPostProcessor - Devtools property defaults active! Set 'spring.devtools.add-properties' to 'false' to disable
2025-04-27 19:59:28 [restartedMain] INFO  o.s.b.d.e.DevToolsPropertyDefaultsPostProcessor - For additional web related logging consider setting the 'logging.level.web' property to 'DEBUG'
2025-04-27 19:59:42 [restartedMain] INFO  o.s.d.r.c.RepositoryConfigurationDelegate - Bootstrapping Spring Data JDBC repositories in DEFAULT mode.
2025-04-27 19:59:43 [restartedMain] INFO  o.s.d.r.c.RepositoryConfigurationDelegate - Finished Spring Data repository scanning in 226 ms. Found 0 JDBC repository interfaces.
2025-04-27 19:59:51 [restartedMain] INFO  o.s.b.w.e.tomcat.TomcatWebServer - Tomcat initialized with port 8080 (http)
2025-04-27 19:59:51 [restartedMain] INFO  o.a.catalina.core.StandardService - Starting service [Tomcat]
2025-04-27 19:59:51 [restartedMain] INFO  o.a.catalina.core.StandardEngine - Starting Servlet engine: [Apache Tomcat/10.1.40]
2025-04-27 19:59:52 [restartedMain] INFO  o.a.c.c.C.[Tomcat].[localhost].[/] - Initializing Spring embedded WebApplicationContext
2025-04-27 19:59:52 [restartedMain] INFO  o.s.b.w.s.c.ServletWebServerApplicationContext - Root WebApplicationContext: initialization completed in 23343 ms
2025-04-27 20:00:09 [restartedMain] INFO  com.zaxxer.hikari.HikariDataSource - HikariPool-1 - Starting...
2025-04-27 20:00:13 [restartedMain] INFO  com.zaxxer.hikari.pool.HikariPool - HikariPool-1 - Added connection org.postgresql.jdbc.PgConnection@79dc5ac7
2025-04-27 20:00:13 [restartedMain] INFO  com.zaxxer.hikari.HikariDataSource - HikariPool-1 - Start completed.
2025-04-27 20:00:23 [restartedMain] INFO  o.s.b.d.a.OptionalLiveReloadServer - LiveReload server is running on port 35729
2025-04-27 20:00:25 [restartedMain] INFO  o.s.b.w.e.tomcat.TomcatWebServer - Tomcat started on port 8080 (http) with context path '/'
2025-04-27 20:00:25 [restartedMain] INFO  com.example.twst.TwstApplication - Started TwstApplication in 66.399 seconds (process running for 81.429)
2025-04-27 20:00:45 [http-nio-8080-exec-1] INFO  o.a.c.c.C.[Tomcat].[localhost].[/] - Initializing Spring DispatcherServlet 'dispatcherServlet'
2025-04-27 20:00:45 [http-nio-8080-exec-1] INFO  o.s.web.servlet.DispatcherServlet - Initializing Servlet 'dispatcherServlet'
2025-04-27 20:00:45 [http-nio-8080-exec-1] INFO  o.s.web.servlet.DispatcherServlet - Completed initialization in 2 ms
